  0:00 ------------------------------------------------------------
  0:00 InitGame: \sv_hostname\deathRace\sv_punkbuster\0\sv_maxRate\0\sv_minPing\0\sv_maxPing\0\sv_floodProtect\1\g_redTeam\Stroggs\g_blueTeam\Pagans\dmflags\0\fraglimit\0\timelimit\0\sv_maxclients\8\capturelimit\0\g_maxGameClients\0\version\Q3 1.32 win-x86 Oct  7 2002\g_gametype\0\protocol\68\mapname\Q3DM1\sv_privateClients\0\sv_allowDownload\0\gamename\baseq3\g_needpass\0
  0:00 ClientConnect: 0
  0:00 ClientUserinfoChanged: 0 n\NooB\t\0\model\xaero/red\hmodel\xaero/red\g_redteam\\g_blueteam\\c1\4\c2\5\hc\100\w\0\l\0\tt\0\tl\0
  0:00 ClientUserinfoChanged: 0 n\NooB\t\0\model\xaero/red\hmodel\xaero/red\g_redteam\\g_blueteam\\c1\4\c2\5\hc\100\w\0\l\0\tt\0\tl\0
  0:00 ClientBegin: 0
  0:06 ShutdownGame:
  0:06 ------------------------------------------------------------
  0:06 ------------------------------------------------------------
  0:06 InitGame: \sv_hostname\deathRace\sv_punkbuster\0\sv_maxRate\0\sv_minPing\0\sv_maxPing\0\sv_floodProtect\1\g_redTeam\Stroggs\g_blueTeam\Pagans\dmflags\0\fraglimit\0\timelimit\0\sv_maxclients\8\capturelimit\0\g_maxGameClients\0\version\Q3 1.32 win-x86 Oct  7 2002\g_gametype\0\protocol\68\mapname\q3dm1\sv_privateClients\0\sv_allowDownload\0\bot_minplayers\0\gamename\baseq3\g_needpass\0
  0:06 ClientConnect: 0
  0:06 ClientUserinfoChanged: 0 n\NooB\t\0\model\xaero/red\hmodel\xaero/red\g_redteam\\g_blueteam\\c1\4\c2\5\hc\100\w\0\l\0\tt\0\tl\0
  0:07 ClientUserinfoChanged: 0 n\NooB\t\0\model\xaero/red\hmodel\xaero/red\g_redteam\\g_blueteam\\c1\4\c2\5\hc\100\w\0\l\0\tt\0\tl\0
  0:07 ClientBegin: 0
  0:59 ShutdownGame:
  0:59 ------------------------------------------------------------
  0:00 ------------------------------------------------------------
  0:00 InitGame: \g_maxGameClients\0\capturelimit\0\sv_maxclients\8\timelimit\0\fraglimit\0\dmflags\0\g_blueTeam\Pagans\g_redTeam\Stroggs\sv_floodProtect\1\sv_maxPing\0\sv_minPing\0\sv_maxRate\0\sv_punkbuster\0\sv_hostname\deathRace\version\Q3 1.32 win-x86 Oct  7 2002\g_gametype\0\protocol\68\mapname\Q3DM1\sv_privateClients\0\sv_allowDownload\0\gamename\baseq3\g_needpass\0
  0:00 ClientConnect: 0
  0:00 ClientUserinfoChanged: 0 n\NooB\t\0\model\xaero/red\hmodel\xaero/red\g_redteam\\g_blueteam\\c1\4\c2\5\hc\100\w\0\l\0\tt\0\tl\0
  0:00 ClientUserinfoChanged: 0 n\NooB\t\0\model\xaero/red\hmodel\xaero/red\g_redteam\\g_blueteam\\c1\4\c2\5\hc\100\w\0\l\0\tt\0\tl\0
  0:00 ClientBegin: 0
  0:06 ShutdownGame:
  0:06 ------------------------------------------------------------
  0:06 ------------------------------------------------------------
  0:06 InitGame: \g_maxGameClients\0\capturelimit\0\sv_maxclients\8\timelimit\0\fraglimit\0\dmflags\0\g_blueTeam\Pagans\g_redTeam\Stroggs\sv_floodProtect\1\sv_maxPing\0\sv_minPing\0\sv_maxRate\0\sv_punkbuster\0\sv_hostname\deathRace\version\Q3 1.32 win-x86 Oct  7 2002\g_gametype\0\protocol\68\mapname\q3dm1\sv_privateClients\0\sv_allowDownload\0\bot_minplayers\0\gamename\baseq3\g_needpass\0
  0:06 ClientConnect: 0
  0:06 ClientUserinfoChanged: 0 n\NooB\t\0\model\xaero/red\hmodel\xaero/red\g_redteam\\g_blueteam\\c1\4\c2\5\hc\100\w\0\l\0\tt\0\tl\0
  0:07 ClientUserinfoChanged: 0 n\NooB\t\0\model\xaero/red\hmodel\xaero/red\g_redteam\\g_blueteam\\c1\4\c2\5\hc\100\w\0\l\0\tt\0\tl\0
  0:07 ClientBegin: 0
  0:45 ShutdownGame:
  0:45 ------------------------------------------------------------
  0:00 ------------------------------------------------------------
  0:00 InitGame: \sv_hostname\deathRace\sv_punkbuster\0\sv_maxRate\0\sv_minPing\0\sv_maxPing\0\sv_floodProtect\1\g_redTeam\Stroggs\g_blueTeam\Pagans\dmflags\0\fraglimit\0\timelimit\0\sv_maxclients\8\capturelimit\0\g_maxGameClients\0\version\Q3 1.32 win-x86 Oct  7 2002\g_gametype\0\protocol\68\mapname\Q3DM1\sv_privateClients\0\sv_allowDownload\0\gamename\baseq3\g_needpass\0
  0:00 ClientConnect: 0
  0:00 ClientUserinfoChanged: 0 n\NooB\t\0\model\xaero/red\hmodel\xaero/red\g_redteam\\g_blueteam\\c1\4\c2\5\hc\100\w\0\l\0\tt\0\tl\0
  0:00 ClientUserinfoChanged: 0 n\NooB\t\0\model\xaero/red\hmodel\xaero/red\g_redteam\\g_blueteam\\c1\4\c2\5\hc\100\w\0\l\0\tt\0\tl\0
  0:00 ClientBegin: 0
  0:08 ShutdownGame:
  0:08 ------------------------------------------------------------
  0:08 ------------------------------------------------------------
  0:08 InitGame: \sv_hostname\deathRace\sv_punkbuster\0\sv_maxRate\0\sv_minPing\0\sv_maxPing\0\sv_floodProtect\1\g_redTeam\Stroggs\g_blueTeam\Pagans\dmflags\0\fraglimit\0\timelimit\0\sv_maxclients\8\capturelimit\0\g_maxGameClients\0\version\Q3 1.32 win-x86 Oct  7 2002\g_gametype\0\protocol\68\mapname\q3dm1\sv_privateClients\0\sv_allowDownload\0\bot_minplayers\0\gamename\baseq3\g_needpass\0
  0:09 ClientConnect: 0
  0:09 ClientUserinfoChanged: 0 n\NooB\t\0\model\xaero/red\hmodel\xaero/red\g_redteam\\g_blueteam\\c1\4\c2\5\hc\100\w\0\l\0\tt\0\tl\0
  0:09 ClientUserinfoChanged: 0 n\NooB\t\0\model\xaero/red\hmodel\xaero/red\g_redteam\\g_blueteam\\c1\4\c2\5\hc\100\w\0\l\0\tt\0\tl\0
  0:09 ClientBegin: 0
  0:38 ShutdownGame:
  0:38 ------------------------------------------------------------
  0:00 ------------------------------------------------------------
  0:00 InitGame: \g_maxGameClients\0\capturelimit\0\sv_maxclients\8\timelimit\0\fraglimit\0\dmflags\0\g_blueTeam\Pagans\g_redTeam\Stroggs\sv_floodProtect\1\sv_maxPing\0\sv_minPing\0\sv_maxRate\0\sv_punkbuster\0\sv_hostname\deathRace\version\Q3 1.32 win-x86 Oct  7 2002\g_gametype\0\protocol\68\mapname\Q3DM1\sv_privateClients\0\sv_allowDownload\0\gamename\baseq3\g_needpass\0
  0:00 ClientConnect: 0
  0:00 ClientUserinfoChanged: 0 n\NooB\t\0\model\xaero/red\hmodel\xaero/red\g_redteam\\g_blueteam\\c1\4\c2\5\hc\100\w\0\l\0\tt\0\tl\0
  0:00 ClientUserinfoChanged: 0 n\NooB\t\0\model\xaero/red\hmodel\xaero/red\g_redteam\\g_blueteam\\c1\4\c2\5\hc\100\w\0\l\0\tt\0\tl\0
  0:00 ClientBegin: 0
  0:04 Item: 0 weapon_rocketlauncher
  0:09 Item: 0 weapon_rocketlauncher
  0:11 ShutdownGame:
  0:11 ------------------------------------------------------------
  0:11 ------------------------------------------------------------
  0:11 InitGame: \g_maxGameClients\0\capturelimit\0\sv_maxclients\8\timelimit\0\fraglimit\0\dmflags\0\g_blueTeam\Pagans\g_redTeam\Stroggs\sv_floodProtect\1\sv_maxPing\0\sv_minPing\0\sv_maxRate\0\sv_punkbuster\0\sv_hostname\deathRace\version\Q3 1.32 win-x86 Oct  7 2002\g_gametype\0\protocol\68\mapname\q3dm1\sv_privateClients\0\sv_allowDownload\0\bot_minplayers\0\gamename\baseq3\g_needpass\0
  0:11 ClientConnect: 0
  0:11 ClientUserinfoChanged: 0 n\NooB\t\0\model\xaero/red\hmodel\xaero/red\g_redteam\\g_blueteam\\c1\4\c2\5\hc\100\w\0\l\0\tt\0\tl\0
  0:11 ClientUserinfoChanged: 0 n\NooB\t\0\model\xaero/red\hmodel\xaero/red\g_redteam\\g_blueteam\\c1\4\c2\5\hc\100\w\0\l\0\tt\0\tl\0
  0:11 ClientBegin: 0
  3:49 ShutdownGame:
  3:49 ------------------------------------------------------------
  0:00 ------------------------------------------------------------
  0:00 InitGame: \sv_hostname\deathRace\sv_punkbuster\0\sv_maxRate\0\sv_minPing\0\sv_maxPing\0\sv_floodProtect\1\g_redTeam\Stroggs\g_blueTeam\Pagans\dmflags\0\fraglimit\0\timelimit\0\sv_maxclients\8\capturelimit\0\g_maxGameClients\0\version\Q3 1.32 win-x86 Oct  7 2002\g_gametype\0\protocol\68\mapname\Q3DM1\sv_privateClients\0\sv_allowDownload\0\gamename\baseq3\g_needpass\0
  0:00 ClientConnect: 0
  0:00 ClientUserinfoChanged: 0 n\NooB\t\0\model\xaero/red\hmodel\xaero/red\g_redteam\\g_blueteam\\c1\4\c2\5\hc\100\w\0\l\0\tt\0\tl\0
  0:00 ClientUserinfoChanged: 0 n\NooB\t\0\model\xaero/red\hmodel\xaero/red\g_redteam\\g_blueteam\\c1\4\c2\5\hc\100\w\0\l\0\tt\0\tl\0
  0:00 ClientBegin: 0
  0:07 ShutdownGame:
  0:07 ------------------------------------------------------------
  0:07 ------------------------------------------------------------
  0:07 InitGame: \sv_hostname\deathRace\sv_punkbuster\0\sv_maxRate\0\sv_minPing\0\sv_maxPing\0\sv_floodProtect\1\g_redTeam\Stroggs\g_blueTeam\Pagans\dmflags\0\fraglimit\0\timelimit\0\sv_maxclients\8\capturelimit\0\g_maxGameClients\0\version\Q3 1.32 win-x86 Oct  7 2002\g_gametype\0\protocol\68\mapname\q3dm1\sv_privateClients\0\sv_allowDownload\0\bot_minplayers\0\gamename\baseq3\g_needpass\0
  0:07 ClientConnect: 0
  0:07 ClientUserinfoChanged: 0 n\NooB\t\0\model\xaero/red\hmodel\xaero/red\g_redteam\\g_blueteam\\c1\4\c2\5\hc\100\w\0\l\0\tt\0\tl\0
  0:07 ClientUserinfoChanged: 0 n\NooB\t\0\model\xaero/red\hmodel\xaero/red\g_redteam\\g_blueteam\\c1\4\c2\5\hc\100\w\0\l\0\tt\0\tl\0
  0:07 ClientBegin: 0
  0:51 ShutdownGame:
  0:51 ------------------------------------------------------------
  0:00 ------------------------------------------------------------
  0:00 InitGame: \g_maxGameClients\0\capturelimit\0\sv_maxclients\8\timelimit\0\fraglimit\0\dmflags\0\g_blueTeam\Pagans\g_redTeam\Stroggs\sv_floodProtect\1\sv_maxPing\0\sv_minPing\0\sv_maxRate\0\sv_punkbuster\0\sv_hostname\deathRace\version\Q3 1.32 win-x86 Oct  7 2002\g_gametype\0\protocol\68\mapname\q3dm1\sv_privateClients\0\sv_allowDownload\0\gamename\baseq3\g_needpass\0
  0:00 ClientConnect: 0
  0:00 ClientUserinfoChanged: 0 n\NooB\t\0\model\xaero/red\hmodel\xaero/red\g_redteam\\g_blueteam\\c1\4\c2\5\hc\100\w\0\l\0\tt\0\tl\0
  0:00 ClientUserinfoChanged: 0 n\NooB\t\0\model\xaero/red\hmodel\xaero/red\g_redteam\\g_blueteam\\c1\4\c2\5\hc\100\w\0\l\0\tt\0\tl\0
  0:00 ClientBegin: 0
  0:28 ShutdownGame:
  0:28 ------------------------------------------------------------
  0:06 ------------------------------------------------------------
  0:06 InitGame: \sv_hostname\deathRace\sv_punkbuster\0\sv_maxRate\0\sv_minPing\0\sv_maxPing\0\sv_floodProtect\1\g_redTeam\Stroggs\g_blueTeam\Pagans\dmflags\0\fraglimit\10\timelimit\0\sv_maxclients\8\capturelimit\0\g_maxGameClients\0\version\Q3 1.32 win-x86 Oct  7 2002\g_gametype\0\protocol\68\mapname\q3dm1\sv_privateClients\0\sv_allowDownload\0\bot_minplayers\0\gamename\baseq3\g_needpass\0
  0:06 ClientDisconnect: 0
  0:06 ClientConnect: 1
  0:06 ClientUserinfoChanged: 1 n\NooB\t\0\model\xaero/red\hmodel\xaero/red\g_redteam\\g_blueteam\\c1\4\c2\5\hc\100\w\0\l\0\tt\0\tl\0
  0:07 ClientUserinfoChanged: 1 n\NooB\t\0\model\xaero/red\hmodel\xaero/red\g_redteam\\g_blueteam\\c1\4\c2\5\hc\100\w\0\l\0\tt\0\tl\0
  0:07 ClientUserinfoChanged: 1 n\NooB\t\0\model\xaero/red\hmodel\xaero/red\g_redteam\\g_blueteam\\c1\4\c2\5\hc\100\w\0\l\0\tt\0\tl\0
  0:07 ClientBegin: 1
  0:19 Item: 1 weapon_rocketlauncher
  0:23 ShutdownGame:
  0:23 ------------------------------------------------------------
  0:00 ------------------------------------------------------------
  0:00 InitGame: \g_maxGameClients\0\capturelimit\0\sv_maxclients\8\timelimit\0\fraglimit\0\dmflags\0\g_blueTeam\Pagans\g_redTeam\Stroggs\sv_floodProtect\1\sv_maxPing\0\sv_minPing\0\sv_maxRate\0\sv_punkbuster\0\sv_hostname\deathRace\version\Q3 1.32 win-x86 Oct  7 2002\g_gametype\0\protocol\68\mapname\Q3DM1\sv_privateClients\0\sv_allowDownload\0\gamename\baseq3\g_needpass\0
  0:00 ClientConnect: 0
  0:00 ClientUserinfoChanged: 0 n\NooB\t\0\model\xaero/red\hmodel\xaero/red\g_redteam\\g_blueteam\\c1\4\c2\5\hc\100\w\0\l\0\tt\0\tl\0
  0:00 ClientUserinfoChanged: 0 n\NooB\t\0\model\xaero/red\hmodel\xaero/red\g_redteam\\g_blueteam\\c1\4\c2\5\hc\100\w\0\l\0\tt\0\tl\0
  0:00 ClientBegin: 0
  0:04 ShutdownGame:
  0:04 ------------------------------------------------------------
  0:04 ------------------------------------------------------------
  0:04 InitGame: \g_maxGameClients\0\capturelimit\0\sv_maxclients\8\timelimit\0\fraglimit\0\dmflags\0\g_blueTeam\Pagans\g_redTeam\Stroggs\sv_floodProtect\1\sv_maxPing\0\sv_minPing\0\sv_maxRate\0\sv_punkbuster\0\sv_hostname\deathRace\version\Q3 1.32 win-x86 Oct  7 2002\g_gametype\0\protocol\68\mapname\q3dm1\sv_privateClients\0\sv_allowDownload\0\bot_minplayers\0\gamename\baseq3\g_needpass\0
  0:04 ClientConnect: 0
  0:04 ClientUserinfoChanged: 0 n\NooB\t\0\model\xaero/red\hmodel\xaero/red\g_redteam\\g_blueteam\\c1\4\c2\5\hc\100\w\0\l\0\tt\0\tl\0
  0:05 ClientUserinfoChanged: 0 n\NooB\t\0\model\xaero/red\hmodel\xaero/red\g_redteam\\g_blueteam\\c1\4\c2\5\hc\100\w\0\l\0\tt\0\tl\0
  0:05 ClientBegin: 0
  0:22 ShutdownGame:
  0:22 ------------------------------------------------------------
  0:00 ------------------------------------------------------------
  0:00 InitGame: \sv_hostname\deathRace\sv_punkbuster\0\sv_maxRate\0\sv_minPing\0\sv_maxPing\0\sv_floodProtect\1\g_redTeam\Stroggs\g_blueTeam\Pagans\dmflags\0\fraglimit\0\timelimit\0\sv_maxclients\8\capturelimit\0\g_maxGameClients\0\version\Q3 1.32 win-x86 Oct  7 2002\g_gametype\0\protocol\68\mapname\Q3DM1\sv_privateClients\0\sv_allowDownload\0\gamename\baseq3\g_needpass\0
  0:00 ClientConnect: 0
  0:00 ClientUserinfoChanged: 0 n\NooB\t\0\model\xaero/red\hmodel\xaero/red\g_redteam\\g_blueteam\\c1\4\c2\5\hc\100\w\0\l\0\tt\0\tl\0
  0:00 ClientUserinfoChanged: 0 n\NooB\t\0\model\xaero/red\hmodel\xaero/red\g_redteam\\g_blueteam\\c1\4\c2\5\hc\100\w\0\l\0\tt\0\tl\0
  0:00 ClientBegin: 0
  0:05 ShutdownGame:
  0:05 ------------------------------------------------------------
  0:05 ------------------------------------------------------------
  0:05 InitGame: \sv_hostname\deathRace\sv_punkbuster\0\sv_maxRate\0\sv_minPing\0\sv_maxPing\0\sv_floodProtect\1\g_redTeam\Stroggs\g_blueTeam\Pagans\dmflags\0\fraglimit\0\timelimit\0\sv_maxclients\8\capturelimit\0\g_maxGameClients\0\version\Q3 1.32 win-x86 Oct  7 2002\g_gametype\0\protocol\68\mapname\q3dm1\sv_privateClients\0\sv_allowDownload\0\bot_minplayers\0\gamename\baseq3\g_needpass\0
  0:06 ClientConnect: 0
  0:06 ClientUserinfoChanged: 0 n\NooB\t\0\model\xaero/red\hmodel\xaero/red\g_redteam\\g_blueteam\\c1\4\c2\5\hc\100\w\0\l\0\tt\0\tl\0
  0:06 ClientUserinfoChanged: 0 n\NooB\t\0\model\xaero/red\hmodel\xaero/red\g_redteam\\g_blueteam\\c1\4\c2\5\hc\100\w\0\l\0\tt\0\tl\0
  0:06 ClientBegin: 0
  0:15 ShutdownGame:
  0:15 ------------------------------------------------------------
  0:00 ------------------------------------------------------------
  0:00 InitGame: \g_maxGameClients\0\capturelimit\0\sv_maxclients\8\timelimit\0\fraglimit\0\dmflags\0\g_blueTeam\Pagans\g_redTeam\Stroggs\sv_floodProtect\1\sv_maxPing\0\sv_minPing\0\sv_maxRate\0\sv_punkbuster\0\sv_hostname\deathRace\version\Q3 1.32 win-x86 Oct  7 2002\g_gametype\0\protocol\68\mapname\Q3DM1\sv_privateClients\0\sv_allowDownload\0\gamename\baseq3\g_needpass\0
  0:00 ClientConnect: 0
  0:00 ClientUserinfoChanged: 0 n\NooB\t\0\model\xaero/red\hmodel\xaero/red\g_redteam\\g_blueteam\\c1\4\c2\5\hc\100\w\0\l\0\tt\0\tl\0
  0:00 ClientUserinfoChanged: 0 n\NooB\t\0\model\xaero/red\hmodel\xaero/red\g_redteam\\g_blueteam\\c1\4\c2\5\hc\100\w\0\l\0\tt\0\tl\0
  0:00 ClientBegin: 0
  0:06 ShutdownGame:
  0:06 ------------------------------------------------------------
  0:06 ------------------------------------------------------------
  0:06 InitGame: \g_maxGameClients\0\capturelimit\0\sv_maxclients\8\timelimit\0\fraglimit\0\dmflags\0\g_blueTeam\Pagans\g_redTeam\Stroggs\sv_floodProtect\1\sv_maxPing\0\sv_minPing\0\sv_maxRate\0\sv_punkbuster\0\sv_hostname\deathRace\version\Q3 1.32 win-x86 Oct  7 2002\g_gametype\0\protocol\68\mapname\q3dm1\sv_privateClients\0\sv_allowDownload\0\bot_minplayers\0\gamename\baseq3\g_needpass\0
  0:07 ClientConnect: 0
  0:07 ClientUserinfoChanged: 0 n\NooB\t\0\model\xaero/red\hmodel\xaero/red\g_redteam\\g_blueteam\\c1\4\c2\5\hc\100\w\0\l\0\tt\0\tl\0
  0:07 ClientUserinfoChanged: 0 n\NooB\t\0\model\xaero/red\hmodel\xaero/red\g_redteam\\g_blueteam\\c1\4\c2\5\hc\100\w\0\l\0\tt\0\tl\0
  0:07 ClientBegin: 0
  0:18 Item: 0 weapon_rocketlauncher
  0:32 ShutdownGame:
  0:32 ------------------------------------------------------------
  0:00 ------------------------------------------------------------
  0:00 InitGame: \sv_hostname\deathRace\sv_punkbuster\0\sv_maxRate\0\sv_minPing\0\sv_maxPing\0\sv_floodProtect\1\g_redTeam\Stroggs\g_blueTeam\Pagans\dmflags\0\fraglimit\0\timelimit\0\sv_maxclients\8\capturelimit\0\g_maxGameClients\0\version\Q3 1.32 win-x86 Oct  7 2002\g_gametype\0\protocol\68\mapname\Q3DM1\sv_privateClients\0\sv_allowDownload\0\gamename\baseq3\g_needpass\0
  0:00 ClientConnect: 0
  0:00 ClientUserinfoChanged: 0 n\NooB\t\0\model\xaero/red\hmodel\xaero/red\g_redteam\\g_blueteam\\c1\4\c2\5\hc\100\w\0\l\0\tt\0\tl\0
  0:00 ClientUserinfoChanged: 0 n\NooB\t\0\model\xaero/red\hmodel\xaero/red\g_redteam\\g_blueteam\\c1\4\c2\5\hc\100\w\0\l\0\tt\0\tl\0
  0:00 ClientBegin: 0
  0:04 ShutdownGame:
  0:04 ------------------------------------------------------------
  0:04 ------------------------------------------------------------
  0:04 InitGame: \sv_hostname\deathRace\sv_punkbuster\0\sv_maxRate\0\sv_minPing\0\sv_maxPing\0\sv_floodProtect\1\g_redTeam\Stroggs\g_blueTeam\Pagans\dmflags\0\fraglimit\0\timelimit\0\sv_maxclients\8\capturelimit\0\g_maxGameClients\0\version\Q3 1.32 win-x86 Oct  7 2002\g_gametype\0\protocol\68\mapname\q3dm1\sv_privateClients\0\sv_allowDownload\0\bot_minplayers\0\gamename\baseq3\g_needpass\0
  0:05 ClientConnect: 0
  0:05 ClientUserinfoChanged: 0 n\NooB\t\0\model\xaero/red\hmodel\xaero/red\g_redteam\\g_blueteam\\c1\4\c2\5\hc\100\w\0\l\0\tt\0\tl\0
  0:05 ClientUserinfoChanged: 0 n\NooB\t\0\model\xaero/red\hmodel\xaero/red\g_redteam\\g_blueteam\\c1\4\c2\5\hc\100\w\0\l\0\tt\0\tl\0
  0:05 ClientBegin: 0
  1:15 ShutdownGame:
  1:15 ------------------------------------------------------------
  1:15 ------------------------------------------------------------
  1:15 InitGame: \sv_hostname\deathRace\sv_punkbuster\0\sv_maxRate\0\sv_minPing\0\sv_maxPing\0\sv_floodProtect\1\g_redTeam\Stroggs\g_blueTeam\Pagans\dmflags\0\fraglimit\0\timelimit\0\sv_maxclients\8\capturelimit\0\g_maxGameClients\0\version\Q3 1.32 win-x86 Oct  7 2002\g_gametype\0\protocol\68\mapname\q3dm17\sv_privateClients\0\sv_allowDownload\0\bot_minplayers\0\gamename\baseq3\g_needpass\0
  1:16 ClientConnect: 0
  1:16 ClientUserinfoChanged: 0 n\NooB\t\0\model\xaero/red\hmodel\xaero/red\g_redteam\\g_blueteam\\c1\4\c2\5\hc\100\w\0\l\0\tt\0\tl\0
  1:16 ClientUserinfoChanged: 0 n\NooB\t\0\model\xaero/red\hmodel\xaero/red\g_redteam\\g_blueteam\\c1\4\c2\5\hc\100\w\0\l\0\tt\0\tl\0
  1:16 ClientBegin: 0
  2:11 Item: 0 item_armor_shard
  2:11 Item: 0 item_armor_shard
  2:12 Item: 0 item_armor_shard
  2:12 Item: 0 item_armor_combat
  2:19 ShutdownGame:
  2:19 ------------------------------------------------------------
  0:05 ------------------------------------------------------------
  0:05 InitGame: \g_maxGameClients\0\capturelimit\0\sv_maxclients\8\timelimit\0\fraglimit\10\dmflags\0\g_blueTeam\Pagans\g_redTeam\Stroggs\sv_floodProtect\1\sv_maxPing\0\sv_minPing\0\sv_maxRate\0\sv_punkbuster\0\sv_hostname\deathRace\version\Q3 1.32 win-x86 Oct  7 2002\g_gametype\0\protocol\68\mapname\q3dm1\sv_privateClients\0\sv_allowDownload\0\bot_minplayers\0\gamename\baseq3\g_needpass\0
  0:06 ClientDisconnect: 0
  0:06 ClientConnect: 1
  0:06 ClientUserinfoChanged: 1 n\NooB\t\0\model\xaero/red\hmodel\xaero/red\g_redteam\\g_blueteam\\c1\4\c2\5\hc\100\w\0\l\0\tt\0\tl\0
  0:06 ClientUserinfoChanged: 1 n\NooB\t\0\model\xaero/red\hmodel\xaero/red\g_redteam\\g_blueteam\\c1\4\c2\5\hc\100\w\0\l\0\tt\0\tl\0
  0:06 ClientUserinfoChanged: 1 n\NooB\t\0\model\xaero/red\hmodel\xaero/red\g_redteam\\g_blueteam\\c1\4\c2\5\hc\100\w\0\l\0\tt\0\tl\0
  0:06 ClientBegin: 1
  0:36 ShutdownGame:
  0:36 ------------------------------------------------------------
  0:00 ------------------------------------------------------------
  0:00 InitGame: \g_maxGameClients\0\capturelimit\0\sv_maxclients\8\timelimit\0\fraglimit\0\dmflags\0\g_blueTeam\Pagans\g_redTeam\Stroggs\sv_floodProtect\1\sv_maxPing\0\sv_minPing\0\sv_maxRate\0\sv_punkbuster\0\sv_hostname\deathRace\version\Q3 1.32 win-x86 Oct  7 2002\g_gametype\0\protocol\68\mapname\Q3DM1\sv_privateClients\0\sv_allowDownload\0\gamename\baseq3\g_needpass\0
  0:00 ClientConnect: 0
  0:00 ClientUserinfoChanged: 0 n\NooB\t\0\model\xaero/red\hmodel\xaero/red\g_redteam\\g_blueteam\\c1\4\c2\5\hc\100\w\0\l\0\tt\0\tl\0
  0:00 ClientUserinfoChanged: 0 n\NooB\t\0\model\xaero/red\hmodel\xaero/red\g_redteam\\g_blueteam\\c1\4\c2\5\hc\100\w\0\l\0\tt\0\tl\0
  0:00 ClientBegin: 0
  0:07 ShutdownGame:
  0:07 ------------------------------------------------------------
  0:07 ------------------------------------------------------------
  0:07 InitGame: \g_maxGameClients\0\capturelimit\0\sv_maxclients\8\timelimit\0\fraglimit\0\dmflags\0\g_blueTeam\Pagans\g_redTeam\Stroggs\sv_floodProtect\1\sv_maxPing\0\sv_minPing\0\sv_maxRate\0\sv_punkbuster\0\sv_hostname\deathRace\version\Q3 1.32 win-x86 Oct  7 2002\g_gametype\0\protocol\68\mapname\q3dm1\sv_privateClients\0\sv_allowDownload\0\bot_minplayers\0\gamename\baseq3\g_needpass\0
  0:07 ClientConnect: 0
  0:07 ClientUserinfoChanged: 0 n\NooB\t\0\model\xaero/red\hmodel\xaero/red\g_redteam\\g_blueteam\\c1\4\c2\5\hc\100\w\0\l\0\tt\0\tl\0
  0:08 ClientUserinfoChanged: 0 n\NooB\t\0\model\xaero/red\hmodel\xaero/red\g_redteam\\g_blueteam\\c1\4\c2\5\hc\100\w\0\l\0\tt\0\tl\0
  0:08 ClientBegin: 0
  0:33 ShutdownGame:
  0:33 ------------------------------------------------------------
  0:00 ------------------------------------------------------------
  0:00 InitGame: \sv_hostname\deathRace\sv_punkbuster\0\sv_maxRate\0\sv_minPing\0\sv_maxPing\0\sv_floodProtect\1\g_redTeam\Stroggs\g_blueTeam\Pagans\dmflags\0\fraglimit\0\timelimit\0\sv_maxclients\8\capturelimit\0\g_maxGameClients\0\version\Q3 1.32 win-x86 Oct  7 2002\g_gametype\0\protocol\68\mapname\q3dm1\sv_privateClients\0\sv_allowDownload\0\gamename\baseq3\g_needpass\0
  0:00 ClientConnect: 0
  0:00 ClientUserinfoChanged: 0 n\NooB\t\0\model\xaero/red\hmodel\xaero/red\g_redteam\\g_blueteam\\c1\4\c2\5\hc\100\w\0\l\0\tt\0\tl\0
  0:00 ClientUserinfoChanged: 0 n\NooB\t\0\model\xaero/red\hmodel\xaero/red\g_redteam\\g_blueteam\\c1\4\c2\5\hc\100\w\0\l\0\tt\0\tl\0
  0:00 ClientBegin: 0
  0:15 ShutdownGame:
  0:15 ------------------------------------------------------------
  0:00 ------------------------------------------------------------
  0:00 InitGame: \g_maxGameClients\0\capturelimit\0\sv_maxclients\8\timelimit\0\fraglimit\0\dmflags\0\g_blueTeam\Pagans\g_redTeam\Stroggs\sv_floodProtect\1\sv_maxPing\0\sv_minPing\0\sv_maxRate\0\sv_punkbuster\0\sv_hostname\deathRace\version\Q3 1.32 win-x86 Oct  7 2002\g_gametype\0\protocol\68\mapname\Q3DM1\sv_privateClients\0\sv_allowDownload\0\gamename\baseq3\g_needpass\0
  0:00 ClientConnect: 0
  0:00 ClientUserinfoChanged: 0 n\NooB\t\0\model\xaero/red\hmodel\xaero/red\g_redteam\\g_blueteam\\c1\4\c2\5\hc\100\w\0\l\0\tt\0\tl\0
  0:00 ClientUserinfoChanged: 0 n\NooB\t\0\model\xaero/red\hmodel\xaero/red\g_redteam\\g_blueteam\\c1\4\c2\5\hc\100\w\0\l\0\tt\0\tl\0
  0:00 ClientBegin: 0
  0:29 ShutdownGame:
  0:29 ------------------------------------------------------------
  0:29 ------------------------------------------------------------
  0:29 InitGame: \g_maxGameClients\0\capturelimit\0\sv_maxclients\8\timelimit\0\fraglimit\0\dmflags\0\g_blueTeam\Pagans\g_redTeam\Stroggs\sv_floodProtect\1\sv_maxPing\0\sv_minPing\0\sv_maxRate\0\sv_punkbuster\0\sv_hostname\deathRace\version\Q3 1.32 win-x86 Oct  7 2002\g_gametype\0\protocol\68\mapname\q3dm1\sv_privateClients\0\sv_allowDownload\0\bot_minplayers\0\gamename\baseq3\g_needpass\0
  0:29 ClientConnect: 0
  0:29 ClientUserinfoChanged: 0 n\NooB\t\0\model\xaero/red\hmodel\xaero/red\g_redteam\\g_blueteam\\c1\4\c2\5\hc\100\w\0\l\0\tt\0\tl\0
  0:29 ClientUserinfoChanged: 0 n\NooB\t\0\model\xaero/red\hmodel\xaero/red\g_redteam\\g_blueteam\\c1\4\c2\5\hc\100\w\0\l\0\tt\0\tl\0
  0:29 ClientBegin: 0
  1:00 ShutdownGame:
  1:00 ------------------------------------------------------------
  0:05 ------------------------------------------------------------
  0:05 InitGame: \sv_hostname\deathRace\sv_punkbuster\0\sv_maxRate\0\sv_minPing\0\sv_maxPing\0\sv_floodProtect\1\g_redTeam\Stroggs\g_blueTeam\Pagans\dmflags\0\fraglimit\10\timelimit\0\sv_maxclients\8\capturelimit\0\g_maxGameClients\0\version\Q3 1.32 win-x86 Oct  7 2002\g_gametype\0\protocol\68\mapname\q3dm1\sv_privateClients\0\sv_allowDownload\0\bot_minplayers\0\gamename\baseq3\g_needpass\0
  0:05 ClientDisconnect: 0
  0:05 ClientConnect: 1
  0:05 ClientUserinfoChanged: 1 n\NooB\t\0\model\xaero/red\hmodel\xaero/red\g_redteam\\g_blueteam\\c1\4\c2\5\hc\100\w\0\l\0\tt\0\tl\0
  0:06 ClientUserinfoChanged: 1 n\NooB\t\0\model\xaero/red\hmodel\xaero/red\g_redteam\\g_blueteam\\c1\4\c2\5\hc\100\w\0\l\0\tt\0\tl\0
  0:06 ClientUserinfoChanged: 1 n\NooB\t\0\model\xaero/red\hmodel\xaero/red\g_redteam\\g_blueteam\\c1\4\c2\5\hc\100\w\0\l\0\tt\0\tl\0
  0:06 ClientBegin: 1
  0:28 ShutdownGame:
  0:28 ------------------------------------------------------------
  0:00 ------------------------------------------------------------
  0:00 InitGame: \g_maxGameClients\0\capturelimit\0\sv_maxclients\8\timelimit\0\fraglimit\0\dmflags\0\g_blueTeam\Pagans\g_redTeam\Stroggs\sv_floodProtect\1\sv_maxPing\0\sv_minPing\0\sv_maxRate\0\sv_punkbuster\0\sv_hostname\deathRace\version\Q3 1.32 win-x86 Oct  7 2002\g_gametype\0\protocol\68\mapname\Q3DM1\sv_privateClients\0\sv_allowDownload\0\gamename\baseq3\g_needpass\0
  0:00 ClientConnect: 0
  0:00 ClientUserinfoChanged: 0 n\NooB\t\0\model\xaero/red\hmodel\xaero/red\g_redteam\\g_blueteam\\c1\4\c2\5\hc\100\w\0\l\0\tt\0\tl\0
  0:00 ClientUserinfoChanged: 0 n\NooB\t\0\model\xaero/red\hmodel\xaero/red\g_redteam\\g_blueteam\\c1\4\c2\5\hc\100\w\0\l\0\tt\0\tl\0
  0:00 ClientBegin: 0
  0:06 ShutdownGame:
  0:06 ------------------------------------------------------------
  0:06 ------------------------------------------------------------
  0:06 InitGame: \g_maxGameClients\0\capturelimit\0\sv_maxclients\8\timelimit\0\fraglimit\0\dmflags\0\g_blueTeam\Pagans\g_redTeam\Stroggs\sv_floodProtect\1\sv_maxPing\0\sv_minPing\0\sv_maxRate\0\sv_punkbuster\0\sv_hostname\deathRace\version\Q3 1.32 win-x86 Oct  7 2002\g_gametype\0\protocol\68\mapname\q3dm1\sv_privateClients\0\sv_allowDownload\0\bot_minplayers\0\gamename\baseq3\g_needpass\0
  0:06 ClientConnect: 0
  0:06 ClientUserinfoChanged: 0 n\NooB\t\0\model\xaero/red\hmodel\xaero/red\g_redteam\\g_blueteam\\c1\4\c2\5\hc\100\w\0\l\0\tt\0\tl\0
  0:07 ClientUserinfoChanged: 0 n\NooB\t\0\model\xaero/red\hmodel\xaero/red\g_redteam\\g_blueteam\\c1\4\c2\5\hc\100\w\0\l\0\tt\0\tl\0
  0:07 ClientBegin: 0
  0:20 ShutdownGame:
  0:20 ------------------------------------------------------------
  0:00 ------------------------------------------------------------
  0:00 InitGame: \sv_hostname\deathRace\sv_punkbuster\0\sv_maxRate\0\sv_minPing\0\sv_maxPing\0\sv_floodProtect\1\g_redTeam\Stroggs\g_blueTeam\Pagans\dmflags\0\fraglimit\0\timelimit\0\sv_maxclients\8\capturelimit\0\g_maxGameClients\0\version\Q3 1.32 win-x86 Oct  7 2002\g_gametype\0\protocol\68\mapname\q3dm1\sv_privateClients\0\sv_allowDownload\0\gamename\baseq3\g_needpass\0
  0:00 ClientConnect: 0
  0:00 ClientUserinfoChanged: 0 n\NooB\t\0\model\xaero/red\hmodel\xaero/red\g_redteam\\g_blueteam\\c1\4\c2\5\hc\100\w\0\l\0\tt\0\tl\0
  0:00 ClientUserinfoChanged: 0 n\NooB\t\0\model\xaero/red\hmodel\xaero/red\g_redteam\\g_blueteam\\c1\4\c2\5\hc\100\w\0\l\0\tt\0\tl\0
  0:00 ClientBegin: 0
  0:21 ShutdownGame:
  0:21 ------------------------------------------------------------
  0:00 ------------------------------------------------------------
  0:00 InitGame: \sv_hostname\deathRace\sv_punkbuster\0\sv_maxRate\0\sv_minPing\0\sv_maxPing\0\sv_floodProtect\1\g_redTeam\Stroggs\g_blueTeam\Pagans\dmflags\0\fraglimit\0\timelimit\0\sv_maxclients\8\capturelimit\0\g_maxGameClients\0\version\Q3 1.32 win-x86 Oct  7 2002\g_gametype\0\protocol\68\mapname\q3dm1\sv_privateClients\0\sv_allowDownload\0\gamename\baseq3\g_needpass\0
  0:00 ClientConnect: 0
  0:00 ClientUserinfoChanged: 0 n\NooB\t\0\model\xaero/red\hmodel\xaero/red\g_redteam\\g_blueteam\\c1\4\c2\5\hc\100\w\0\l\0\tt\0\tl\0
  0:00 ClientUserinfoChanged: 0 n\NooB\t\0\model\xaero/red\hmodel\xaero/red\g_redteam\\g_blueteam\\c1\4\c2\5\hc\100\w\0\l\0\tt\0\tl\0
  0:00 ClientBegin: 0
  0:10 Item: 0 item_armor_shard
  0:10 Item: 0 item_armor_shard
  0:12 Item: 0 item_armor_shard
  0:33 ShutdownGame:
  0:33 ------------------------------------------------------------
  0:00 ------------------------------------------------------------
  0:00 InitGame: \g_maxGameClients\0\capturelimit\0\sv_maxclients\8\timelimit\0\fraglimit\0\dmflags\0\g_blueTeam\Pagans\g_redTeam\Stroggs\sv_floodProtect\1\sv_maxPing\0\sv_minPing\0\sv_maxRate\0\sv_punkbuster\0\sv_hostname\deathRace\version\Q3 1.32 win-x86 Oct  7 2002\g_gametype\0\protocol\68\mapname\q3dm1\sv_privateClients\0\sv_allowDownload\0\gamename\baseq3\g_needpass\0
  0:00 ClientConnect: 0
  0:00 ClientUserinfoChanged: 0 n\NooB\t\0\model\xaero/red\hmodel\xaero/red\g_redteam\\g_blueteam\\c1\4\c2\5\hc\100\w\0\l\0\tt\0\tl\0
  0:00 ClientUserinfoChanged: 0 n\NooB\t\0\model\xaero/red\hmodel\xaero/red\g_redteam\\g_blueteam\\c1\4\c2\5\hc\100\w\0\l\0\tt\0\tl\0
  0:00 ClientBegin: 0
  0:50 Item: 0 weapon_rocketlauncher
  0:51 ShutdownGame:
  0:51 ------------------------------------------------------------
  0:00 ------------------------------------------------------------
  0:00 InitGame: \sv_hostname\deathRace\sv_punkbuster\0\sv_maxRate\0\sv_minPing\0\sv_maxPing\0\sv_floodProtect\1\g_redTeam\Stroggs\g_blueTeam\Pagans\dmflags\0\fraglimit\0\timelimit\0\sv_maxclients\8\capturelimit\0\g_maxGameClients\0\version\Q3 1.32 win-x86 Oct  7 2002\g_gametype\0\protocol\68\mapname\q3dm1\sv_privateClients\0\sv_allowDownload\0\gamename\baseq3\g_needpass\0
  0:00 ClientConnect: 0
  0:00 ClientUserinfoChanged: 0 n\NooB\t\0\model\xaero/red\hmodel\xaero/red\g_redteam\\g_blueteam\\c1\4\c2\5\hc\100\w\0\l\0\tt\0\tl\0
  0:00 ClientUserinfoChanged: 0 n\NooB\t\0\model\xaero/red\hmodel\xaero/red\g_redteam\\g_blueteam\\c1\4\c2\5\hc\100\w\0\l\0\tt\0\tl\0
  0:00 ClientBegin: 0
  0:13 ShutdownGame:
  0:13 ------------------------------------------------------------
  0:00 ------------------------------------------------------------
  0:00 InitGame: \g_maxGameClients\0\capturelimit\0\sv_maxclients\8\timelimit\0\fraglimit\0\dmflags\0\g_blueTeam\Pagans\g_redTeam\Stroggs\sv_floodProtect\1\sv_maxPing\0\sv_minPing\0\sv_maxRate\0\sv_punkbuster\0\sv_hostname\deathRace\version\Q3 1.32 win-x86 Oct  7 2002\g_gametype\0\protocol\68\mapname\q3dm1\sv_privateClients\0\sv_allowDownload\0\gamename\baseq3\g_needpass\0
  0:00 ClientConnect: 0
  0:00 ClientUserinfoChanged: 0 n\NooB\t\0\model\xaero/red\hmodel\xaero/red\g_redteam\\g_blueteam\\c1\4\c2\5\hc\100\w\0\l\0\tt\0\tl\0
  0:00 ClientUserinfoChanged: 0 n\NooB\t\0\model\xaero/red\hmodel\xaero/red\g_redteam\\g_blueteam\\c1\4\c2\5\hc\100\w\0\l\0\tt\0\tl\0
  0:00 ClientBegin: 0
  0:09 Item: 0 item_armor_shard
  0:13 Item: 0 item_armor_shard
  0:24 ShutdownGame:
  0:24 ------------------------------------------------------------
  0:00 ------------------------------------------------------------
  0:00 InitGame: \sv_hostname\deathRace\sv_punkbuster\0\sv_maxRate\0\sv_minPing\0\sv_maxPing\0\sv_floodProtect\1\g_redTeam\Stroggs\g_blueTeam\Pagans\dmflags\0\fraglimit\0\timelimit\0\sv_maxclients\8\capturelimit\0\g_maxGameClients\0\version\Q3 1.32 win-x86 Oct  7 2002\g_gametype\0\protocol\68\mapname\q3dm1\sv_privateClients\0\sv_allowDownload\0\gamename\baseq3\g_needpass\0
  0:00 ClientConnect: 0
  0:00 ClientUserinfoChanged: 0 n\NooB\t\0\model\xaero/red\hmodel\xaero/red\g_redteam\\g_blueteam\\c1\4\c2\5\hc\100\w\0\l\0\tt\0\tl\0
  0:00 ClientUserinfoChanged: 0 n\NooB\t\0\model\xaero/red\hmodel\xaero/red\g_redteam\\g_blueteam\\c1\4\c2\5\hc\100\w\0\l\0\tt\0\tl\0
  0:00 ClientBegin: 0
  0:13 ShutdownGame:
  0:13 ------------------------------------------------------------
  0:00 ------------------------------------------------------------
  0:00 InitGame: \g_maxGameClients\0\capturelimit\0\sv_maxclients\8\timelimit\0\fraglimit\0\dmflags\0\g_blueTeam\Pagans\g_redTeam\Stroggs\sv_floodProtect\1\sv_maxPing\0\sv_minPing\0\sv_maxRate\0\sv_punkbuster\0\sv_hostname\deathRace\version\Q3 1.32 win-x86 Oct  7 2002\g_gametype\0\protocol\68\mapname\Q3DM1\sv_privateClients\0\sv_allowDownload\0\gamename\baseq3\g_needpass\0
  0:00 ClientConnect: 0
  0:00 ClientUserinfoChanged: 0 n\NooB\t\0\model\xaero/red\hmodel\xaero/red\g_redteam\\g_blueteam\\c1\4\c2\5\hc\100\w\0\l\0\tt\0\tl\0
  0:00 ClientUserinfoChanged: 0 n\NooB\t\0\model\xaero/red\hmodel\xaero/red\g_redteam\\g_blueteam\\c1\4\c2\5\hc\100\w\0\l\0\tt\0\tl\0
  0:00 ClientBegin: 0
  0:05 ShutdownGame:
  0:05 ------------------------------------------------------------
  0:05 ------------------------------------------------------------
  0:05 InitGame: \g_maxGameClients\0\capturelimit\0\sv_maxclients\8\timelimit\0\fraglimit\0\dmflags\0\g_blueTeam\Pagans\g_redTeam\Stroggs\sv_floodProtect\1\sv_maxPing\0\sv_minPing\0\sv_maxRate\0\sv_punkbuster\0\sv_hostname\deathRace\version\Q3 1.32 win-x86 Oct  7 2002\g_gametype\0\protocol\68\mapname\q3dm1\sv_privateClients\0\sv_allowDownload\0\bot_minplayers\0\gamename\baseq3\g_needpass\0
  0:05 ClientConnect: 0
  0:05 ClientUserinfoChanged: 0 n\NooB\t\0\model\xaero/red\hmodel\xaero/red\g_redteam\\g_blueteam\\c1\4\c2\5\hc\100\w\0\l\0\tt\0\tl\0
  0:06 ClientUserinfoChanged: 0 n\NooB\t\0\model\xaero/red\hmodel\xaero/red\g_redteam\\g_blueteam\\c1\4\c2\5\hc\100\w\0\l\0\tt\0\tl\0
  0:06 ClientBegin: 0
  0:23 ShutdownGame:
  0:23 ------------------------------------------------------------
  0:00 ------------------------------------------------------------
  0:00 InitGame: \sv_hostname\deathRace\sv_punkbuster\0\sv_maxRate\0\sv_minPing\0\sv_maxPing\0\sv_floodProtect\1\g_redTeam\Stroggs\g_blueTeam\Pagans\dmflags\0\fraglimit\0\timelimit\0\sv_maxclients\8\capturelimit\0\g_maxGameClients\0\version\Q3 1.32 win-x86 Oct  7 2002\g_gametype\0\protocol\68\mapname\q3dm1\sv_privateClients\0\sv_allowDownload\0\gamename\baseq3\g_needpass\0
  0:00 ClientConnect: 0
  0:00 ClientUserinfoChanged: 0 n\NooB\t\0\model\xaero/red\hmodel\xaero/red\g_redteam\\g_blueteam\\c1\4\c2\5\hc\100\w\0\l\0\tt\0\tl\0
  0:00 ClientUserinfoChanged: 0 n\NooB\t\0\model\xaero/red\hmodel\xaero/red\g_redteam\\g_blueteam\\c1\4\c2\5\hc\100\w\0\l\0\tt\0\tl\0
  0:00 ClientBegin: 0
  0:08 Item: 0 item_armor_shard
  0:26 ShutdownGame:
  0:26 ------------------------------------------------------------
  0:00 ------------------------------------------------------------
  0:00 InitGame: \g_maxGameClients\0\capturelimit\0\sv_maxclients\8\timelimit\0\fraglimit\0\dmflags\0\g_blueTeam\Pagans\g_redTeam\Stroggs\sv_floodProtect\1\sv_maxPing\0\sv_minPing\0\sv_maxRate\0\sv_punkbuster\0\sv_hostname\deathRace\version\Q3 1.32 win-x86 Oct  7 2002\g_gametype\0\protocol\68\mapname\q3dm1\sv_privateClients\0\sv_allowDownload\0\gamename\baseq3\g_needpass\0
  0:00 ClientConnect: 0
  0:00 ClientUserinfoChanged: 0 n\NooB\t\0\model\xaero/red\hmodel\xaero/red\g_redteam\\g_blueteam\\c1\4\c2\5\hc\100\w\0\l\0\tt\0\tl\0
  0:00 ClientUserinfoChanged: 0 n\NooB\t\0\model\xaero/red\hmodel\xaero/red\g_redteam\\g_blueteam\\c1\4\c2\5\hc\100\w\0\l\0\tt\0\tl\0
  0:00 ClientBegin: 0
  1:53 ShutdownGame:
  1:53 ------------------------------------------------------------
  0:00 ------------------------------------------------------------
  0:00 InitGame: \sv_hostname\deathRace\sv_punkbuster\0\sv_maxRate\0\sv_minPing\0\sv_maxPing\0\sv_floodProtect\1\g_redTeam\Stroggs\g_blueTeam\Pagans\dmflags\0\fraglimit\0\timelimit\0\sv_maxclients\8\capturelimit\0\g_maxGameClients\0\version\Q3 1.32 win-x86 Oct  7 2002\g_gametype\0\protocol\68\mapname\q3dm1\sv_privateClients\0\sv_allowDownload\0\gamename\baseq3\g_needpass\0
  0:00 ClientConnect: 0
  0:00 ClientUserinfoChanged: 0 n\NooB\t\0\model\xaero/red\hmodel\xaero/red\g_redteam\\g_blueteam\\c1\4\c2\5\hc\100\w\0\l\0\tt\0\tl\0
  0:00 ClientUserinfoChanged: 0 n\NooB\t\0\model\xaero/red\hmodel\xaero/red\g_redteam\\g_blueteam\\c1\4\c2\5\hc\100\w\0\l\0\tt\0\tl\0
  0:00 ClientBegin: 0
  2:16 Item: 0 weapon_rocketlauncher
  2:19 Kill: 0 0 7: NooB killed NooB by MOD_ROCKET_SPLASH
  2:22 ShutdownGame:
  2:22 ------------------------------------------------------------
  0:00 ------------------------------------------------------------
  0:00 InitGame: \g_maxGameClients\0\capturelimit\0\sv_maxclients\8\timelimit\0\fraglimit\0\dmflags\0\g_blueTeam\Pagans\g_redTeam\Stroggs\sv_floodProtect\1\sv_maxPing\0\sv_minPing\0\sv_maxRate\0\sv_punkbuster\0\sv_hostname\deathRace\version\Q3 1.32 win-x86 Oct  7 2002\g_gametype\0\protocol\68\mapname\q3dm1\sv_privateClients\0\sv_allowDownload\0\gamename\baseq3\g_needpass\0
  0:00 ClientConnect: 0
  0:00 ClientUserinfoChanged: 0 n\NooB\t\0\model\xaero/red\hmodel\xaero/red\g_redteam\\g_blueteam\\c1\4\c2\5\hc\100\w\0\l\0\tt\0\tl\0
  0:00 ClientUserinfoChanged: 0 n\NooB\t\0\model\xaero/red\hmodel\xaero/red\g_redteam\\g_blueteam\\c1\4\c2\5\hc\100\w\0\l\0\tt\0\tl\0
  0:00 ClientBegin: 0
  0:03 ShutdownGame:
  0:03 ------------------------------------------------------------
  0:00 ------------------------------------------------------------
  0:00 InitGame: \sv_hostname\deathRace\sv_punkbuster\0\sv_maxRate\0\sv_minPing\0\sv_maxPing\0\sv_floodProtect\1\g_redTeam\Stroggs\g_blueTeam\Pagans\dmflags\0\fraglimit\0\timelimit\0\sv_maxclients\8\capturelimit\0\g_maxGameClients\0\version\Q3 1.32 win-x86 Oct  7 2002\g_gametype\0\protocol\68\mapname\q3dm1\sv_privateClients\0\sv_allowDownload\0\gamename\baseq3\g_needpass\0
  0:00 ClientConnect: 0
  0:00 ClientUserinfoChanged: 0 n\NooB\t\0\model\xaero/red\hmodel\xaero/red\g_redteam\\g_blueteam\\c1\4\c2\5\hc\100\w\0\l\0\tt\0\tl\0
  0:00 ClientUserinfoChanged: 0 n\NooB\t\0\model\xaero/red\hmodel\xaero/red\g_redteam\\g_blueteam\\c1\4\c2\5\hc\100\w\0\l\0\tt\0\tl\0
  0:00 ClientBegin: 0
  0:06 ShutdownGame:
  0:06 ------------------------------------------------------------
  0:00 ------------------------------------------------------------
  0:00 InitGame: \g_maxGameClients\0\capturelimit\0\sv_maxclients\8\timelimit\0\fraglimit\0\dmflags\0\g_blueTeam\Pagans\g_redTeam\Stroggs\sv_floodProtect\1\sv_maxPing\0\sv_minPing\0\sv_maxRate\0\sv_punkbuster\0\sv_hostname\deathRace\version\Q3 1.32 win-x86 Oct  7 2002\g_gametype\0\protocol\68\mapname\q3dm1\sv_privateClients\0\sv_allowDownload\0\gamename\baseq3\g_needpass\0
  0:00 ClientConnect: 0
  0:00 ClientUserinfoChanged: 0 n\NooB\t\0\model\xaero/red\hmodel\xaero/red\g_redteam\\g_blueteam\\c1\4\c2\5\hc\100\w\0\l\0\tt\0\tl\0
  0:00 ClientUserinfoChanged: 0 n\NooB\t\0\model\xaero/red\hmodel\xaero/red\g_redteam\\g_blueteam\\c1\4\c2\5\hc\100\w\0\l\0\tt\0\tl\0
  0:00 ClientBegin: 0
  0:25 ShutdownGame:
  0:25 ------------------------------------------------------------
  0:00 ------------------------------------------------------------
  0:00 InitGame: \sv_hostname\deathRace\sv_punkbuster\0\sv_maxRate\0\sv_minPing\0\sv_maxPing\0\sv_floodProtect\1\g_redTeam\Stroggs\g_blueTeam\Pagans\dmflags\0\fraglimit\0\timelimit\0\sv_maxclients\8\capturelimit\0\g_maxGameClients\0\version\Q3 1.32 win-x86 Oct  7 2002\g_gametype\0\protocol\68\mapname\q3dm1\sv_privateClients\0\sv_allowDownload\0\gamename\baseq3\g_needpass\0
  0:00 ClientConnect: 0
  0:00 ClientUserinfoChanged: 0 n\NooB\t\0\model\xaero/red\hmodel\xaero/red\g_redteam\\g_blueteam\\c1\4\c2\5\hc\100\w\0\l\0\tt\0\tl\0
  0:00 ClientUserinfoChanged: 0 n\NooB\t\0\model\xaero/red\hmodel\xaero/red\g_redteam\\g_blueteam\\c1\4\c2\5\hc\100\w\0\l\0\tt\0\tl\0
  0:00 ClientBegin: 0
  0:14 ShutdownGame:
  0:14 ------------------------------------------------------------
  0:00 ------------------------------------------------------------
  0:00 InitGame: \g_maxGameClients\0\capturelimit\0\sv_maxclients\8\timelimit\0\fraglimit\0\dmflags\0\g_blueTeam\Pagans\g_redTeam\Stroggs\sv_floodProtect\1\sv_maxPing\0\sv_minPing\0\sv_maxRate\0\sv_punkbuster\0\sv_hostname\deathRace\version\Q3 1.32 win-x86 Oct  7 2002\g_gametype\0\protocol\68\mapname\q3dm1\sv_privateClients\0\sv_allowDownload\0\gamename\baseq3\g_needpass\0
  0:00 ClientConnect: 0
  0:00 ClientUserinfoChanged: 0 n\NooB\t\0\model\xaero/red\hmodel\xaero/red\g_redteam\\g_blueteam\\c1\4\c2\5\hc\100\w\0\l\0\tt\0\tl\0
  0:00 ClientUserinfoChanged: 0 n\NooB\t\0\model\xaero/red\hmodel\xaero/red\g_redteam\\g_blueteam\\c1\4\c2\5\hc\100\w\0\l\0\tt\0\tl\0
  0:00 ClientBegin: 0
  0:34 ShutdownGame:
  0:34 ------------------------------------------------------------
  0:00 ------------------------------------------------------------
  0:00 InitGame: \sv_hostname\deathRace\sv_punkbuster\0\sv_maxRate\0\sv_minPing\0\sv_maxPing\0\sv_floodProtect\1\g_redTeam\Stroggs\g_blueTeam\Pagans\dmflags\0\fraglimit\0\timelimit\0\sv_maxclients\8\capturelimit\0\g_maxGameClients\0\version\Q3 1.32 win-x86 Oct  7 2002\g_gametype\0\protocol\68\mapname\q3dm1\sv_privateClients\0\sv_allowDownload\0\gamename\baseq3\g_needpass\0
  0:00 ClientConnect: 0
  0:00 ClientUserinfoChanged: 0 n\NooB\t\0\model\xaero/red\hmodel\xaero/red\g_redteam\\g_blueteam\\c1\4\c2\5\hc\100\w\0\l\0\tt\0\tl\0
  0:00 ClientUserinfoChanged: 0 n\NooB\t\0\model\xaero/red\hmodel\xaero/red\g_redteam\\g_blueteam\\c1\4\c2\5\hc\100\w\0\l\0\tt\0\tl\0
  0:00 ClientBegin: 0
  0:33 Item: 0 weapon_rocketlauncher
  0:39 ShutdownGame:
  0:39 ------------------------------------------------------------
  0:00 ------------------------------------------------------------
  0:00 InitGame: \g_maxGameClients\0\capturelimit\0\sv_maxclients\8\timelimit\0\fraglimit\0\dmflags\0\g_blueTeam\Pagans\g_redTeam\Stroggs\sv_floodProtect\1\sv_maxPing\0\sv_minPing\0\sv_maxRate\0\sv_punkbuster\0\sv_hostname\deathRace\version\Q3 1.32 win-x86 Oct  7 2002\g_gametype\0\protocol\68\mapname\q3dm1\sv_privateClients\0\sv_allowDownload\0\gamename\baseq3\g_needpass\0
  0:00 ClientConnect: 0
  0:00 ClientUserinfoChanged: 0 n\NooB\t\0\model\xaero/red\hmodel\xaero/red\g_redteam\\g_blueteam\\c1\4\c2\5\hc\100\w\0\l\0\tt\0\tl\0
  0:00 ClientUserinfoChanged: 0 n\NooB\t\0\model\xaero/red\hmodel\xaero/red\g_redteam\\g_blueteam\\c1\4\c2\5\hc\100\w\0\l\0\tt\0\tl\0
  0:00 ClientBegin: 0
  0:43 ShutdownGame:
  0:43 ------------------------------------------------------------
  0:00 ------------------------------------------------------------
  0:00 InitGame: \sv_hostname\deathRace\sv_punkbuster\0\sv_maxRate\0\sv_minPing\0\sv_maxPing\0\sv_floodProtect\1\g_redTeam\Stroggs\g_blueTeam\Pagans\dmflags\0\fraglimit\0\timelimit\0\sv_maxclients\8\capturelimit\0\g_maxGameClients\0\version\Q3 1.32 win-x86 Oct  7 2002\g_gametype\0\protocol\68\mapname\q3dm1\sv_privateClients\0\sv_allowDownload\0\gamename\baseq3\g_needpass\0
  0:00 ClientConnect: 0
  0:00 ClientUserinfoChanged: 0 n\NooB\t\0\model\xaero/red\hmodel\xaero/red\g_redteam\\g_blueteam\\c1\4\c2\5\hc\100\w\0\l\0\tt\0\tl\0
  0:00 ClientUserinfoChanged: 0 n\NooB\t\0\model\xaero/red\hmodel\xaero/red\g_redteam\\g_blueteam\\c1\4\c2\5\hc\100\w\0\l\0\tt\0\tl\0
  0:00 ClientBegin: 0
  0:26 ShutdownGame:
  0:26 ------------------------------------------------------------
  0:00 ------------------------------------------------------------
  0:00 InitGame: \g_maxGameClients\0\capturelimit\0\sv_maxclients\8\timelimit\0\fraglimit\0\dmflags\0\g_blueTeam\Pagans\g_redTeam\Stroggs\sv_floodProtect\1\sv_maxPing\0\sv_minPing\0\sv_maxRate\0\sv_punkbuster\0\sv_hostname\deathRace\version\Q3 1.32 win-x86 Oct  7 2002\g_gametype\0\protocol\68\mapname\q3dm1\sv_privateClients\0\sv_allowDownload\0\gamename\baseq3\g_needpass\0
  0:00 ClientConnect: 0
  0:00 ClientUserinfoChanged: 0 n\NooB\t\0\model\xaero/red\hmodel\xaero/red\g_redteam\\g_blueteam\\c1\4\c2\5\hc\100\w\0\l\0\tt\0\tl\0
  0:00 ClientUserinfoChanged: 0 n\NooB\t\0\model\xaero/red\hmodel\xaero/red\g_redteam\\g_blueteam\\c1\4\c2\5\hc\100\w\0\l\0\tt\0\tl\0
  0:00 ClientBegin: 0
  0:19 ShutdownGame:
  0:19 ------------------------------------------------------------
  0:19 ------------------------------------------------------------
  0:19 InitGame: \g_maxGameClients\0\capturelimit\0\sv_maxclients\8\timelimit\0\fraglimit\0\dmflags\0\g_blueTeam\Pagans\g_redTeam\Stroggs\sv_floodProtect\1\sv_maxPing\0\sv_minPing\0\sv_maxRate\0\sv_punkbuster\0\sv_hostname\deathRace\version\Q3 1.32 win-x86 Oct  7 2002\g_gametype\0\protocol\68\mapname\q3dm1\sv_privateClients\0\sv_allowDownload\0\bot_minplayers\0\gamename\baseq3\g_needpass\0
  0:19 ClientConnect: 0
  0:19 ClientUserinfoChanged: 0 n\NooB\t\0\model\xaero/red\hmodel\xaero/red\g_redteam\\g_blueteam\\c1\4\c2\5\hc\100\w\0\l\0\tt\0\tl\0
  0:20 ClientUserinfoChanged: 0 n\NooB\t\0\model\xaero/red\hmodel\xaero/red\g_redteam\\g_blueteam\\c1\4\c2\5\hc\100\w\0\l\0\tt\0\tl\0
  0:20 ClientBegin: 0
  1:04 ShutdownGame:
  1:04 ------------------------------------------------------------
  0:00 ------------------------------------------------------------
  0:00 InitGame: \sv_hostname\deathRace\sv_punkbuster\0\sv_maxRate\0\sv_minPing\0\sv_maxPing\0\sv_floodProtect\1\g_redTeam\Stroggs\g_blueTeam\Pagans\dmflags\0\fraglimit\0\timelimit\0\sv_maxclients\8\capturelimit\0\g_maxGameClients\0\version\Q3 1.32 win-x86 Oct  7 2002\g_gametype\0\protocol\68\mapname\q3dm1\sv_privateClients\0\sv_allowDownload\0\gamename\baseq3\g_needpass\0
  0:00 ClientConnect: 0
  0:00 ClientUserinfoChanged: 0 n\NooB\t\0\model\xaero/red\hmodel\xaero/red\g_redteam\\g_blueteam\\c1\4\c2\5\hc\100\w\0\l\0\tt\0\tl\0
  0:00 ClientUserinfoChanged: 0 n\NooB\t\0\model\xaero/red\hmodel\xaero/red\g_redteam\\g_blueteam\\c1\4\c2\5\hc\100\w\0\l\0\tt\0\tl\0
  0:00 ClientBegin: 0
  0:21 ShutdownGame:
  0:21 ------------------------------------------------------------
  0:00 ------------------------------------------------------------
  0:00 InitGame: \g_maxGameClients\0\capturelimit\0\sv_maxclients\8\timelimit\0\fraglimit\0\dmflags\0\g_blueTeam\Pagans\g_redTeam\Stroggs\sv_floodProtect\1\sv_maxPing\0\sv_minPing\0\sv_maxRate\0\sv_punkbuster\0\sv_hostname\deathRace\version\Q3 1.32 win-x86 Oct  7 2002\g_gametype\0\protocol\68\mapname\q3dm1\sv_privateClients\0\sv_allowDownload\0\gamename\baseq3\g_needpass\0
  0:00 ClientConnect: 0
  0:00 ClientUserinfoChanged: 0 n\NooB\t\0\model\xaero/red\hmodel\xaero/red\g_redteam\\g_blueteam\\c1\4\c2\5\hc\100\w\0\l\0\tt\0\tl\0
  0:00 ClientUserinfoChanged: 0 n\NooB\t\0\model\xaero/red\hmodel\xaero/red\g_redteam\\g_blueteam\\c1\4\c2\5\hc\100\w\0\l\0\tt\0\tl\0
  0:00 ClientBegin: 0
  1:10 ShutdownGame:
  1:10 ------------------------------------------------------------
  0:00 ------------------------------------------------------------
  0:00 InitGame: \sv_hostname\deathRace\sv_punkbuster\0\sv_maxRate\0\sv_minPing\0\sv_maxPing\0\sv_floodProtect\1\g_redTeam\Stroggs\g_blueTeam\Pagans\dmflags\0\fraglimit\0\timelimit\0\sv_maxclients\8\capturelimit\0\g_maxGameClients\0\version\Q3 1.32 win-x86 Oct  7 2002\g_gametype\0\protocol\68\mapname\q3dm1\sv_privateClients\0\sv_allowDownload\0\gamename\baseq3\g_needpass\0
  0:00 ClientConnect: 0
  0:00 ClientUserinfoChanged: 0 n\NooB\t\0\model\xaero/red\hmodel\xaero/red\g_redteam\\g_blueteam\\c1\4\c2\5\hc\100\w\0\l\0\tt\0\tl\0
  0:00 ClientUserinfoChanged: 0 n\NooB\t\0\model\xaero/red\hmodel\xaero/red\g_redteam\\g_blueteam\\c1\4\c2\5\hc\100\w\0\l\0\tt\0\tl\0
  0:00 ClientBegin: 0
  0:49 ShutdownGame:
  0:49 ------------------------------------------------------------
  0:00 ------------------------------------------------------------
  0:00 InitGame: \g_maxGameClients\0\capturelimit\0\sv_maxclients\8\timelimit\0\fraglimit\0\dmflags\0\g_blueTeam\Pagans\g_redTeam\Stroggs\sv_floodProtect\1\sv_maxPing\0\sv_minPing\0\sv_maxRate\0\sv_punkbuster\0\sv_hostname\deathRace\version\Q3 1.32 win-x86 Oct  7 2002\g_gametype\0\protocol\68\mapname\q3dm1\sv_privateClients\0\sv_allowDownload\0\gamename\baseq3\g_needpass\0
  0:00 ClientConnect: 0
  0:00 ClientUserinfoChanged: 0 n\NooB\t\0\model\xaero/red\hmodel\xaero/red\g_redteam\\g_blueteam\\c1\4\c2\5\hc\100\w\0\l\0\tt\0\tl\0
  0:00 ClientUserinfoChanged: 0 n\NooB\t\0\model\xaero/red\hmodel\xaero/red\g_redteam\\g_blueteam\\c1\4\c2\5\hc\100\w\0\l\0\tt\0\tl\0
  0:00 ClientBegin: 0
  1:49 Item: 0 weapon_rocketlauncher
  2:16 Item: 0 weapon_rocketlauncher
  2:25 Item: 0 weapon_rocketlauncher
  2:32 Item: 0 item_armor_shard
  2:32 Item: 0 item_armor_shard
  2:32 Item: 0 item_armor_shard
  3:16 ShutdownGame:
  3:16 ------------------------------------------------------------
  0:00 ------------------------------------------------------------
  0:00 InitGame: \sv_hostname\deathRace\sv_punkbuster\0\sv_maxRate\0\sv_minPing\0\sv_maxPing\0\sv_floodProtect\1\g_redTeam\Stroggs\g_blueTeam\Pagans\dmflags\0\fraglimit\0\timelimit\0\sv_maxclients\8\capturelimit\0\g_maxGameClients\0\version\Q3 1.32 win-x86 Oct  7 2002\g_gametype\0\protocol\68\mapname\q3dm1\sv_privateClients\0\sv_allowDownload\0\gamename\baseq3\g_needpass\0
  0:00 ClientConnect: 0
  0:00 ClientUserinfoChanged: 0 n\NooB\t\0\model\xaero/red\hmodel\xaero/red\g_redteam\\g_blueteam\\c1\4\c2\5\hc\100\w\0\l\0\tt\0\tl\0
  0:00 ClientUserinfoChanged: 0 n\NooB\t\0\model\xaero/red\hmodel\xaero/red\g_redteam\\g_blueteam\\c1\4\c2\5\hc\100\w\0\l\0\tt\0\tl\0
  0:00 ClientBegin: 0
  0:39 ShutdownGame:
  0:39 ------------------------------------------------------------
  0:00 ------------------------------------------------------------
  0:00 InitGame: \g_maxGameClients\0\capturelimit\0\sv_maxclients\8\timelimit\0\fraglimit\0\dmflags\0\g_blueTeam\Pagans\g_redTeam\Stroggs\sv_floodProtect\1\sv_maxPing\0\sv_minPing\0\sv_maxRate\0\sv_punkbuster\0\sv_hostname\deathRace\version\Q3 1.32 win-x86 Oct  7 2002\g_gametype\0\protocol\68\mapname\q3dm1\sv_privateClients\0\sv_allowDownload\0\gamename\TBQ\g_needpass\0
  0:00 ClientConnect: 0
  0:00 ClientUserinfoChanged: 0 n\NooB\t\0\model\xaero/red\hmodel\xaero/red\g_redteam\\g_blueteam\\c1\4\c2\5\hc\100\w\0\l\0\tt\0\tl\0
  0:00 ClientUserinfoChanged: 0 n\NooB\t\0\model\xaero/red\hmodel\xaero/red\g_redteam\\g_blueteam\\c1\4\c2\5\hc\100\w\0\l\0\tt\0\tl\0
  0:00 ClientBegin: 0
  0:04 Item: 0 weapon_hackgun
  0:07 Item: 0 weapon_hackgun
  0:14 Item: 0 weapon_hackgun
  0:20 Item: 0 weapon_hackgun
  0:23 Item: 0 weapon_hackgun
  0:27 Item: 0 weapon_hackgun
  0:29 ShutdownGame:
  0:29 ------------------------------------------------------------
